<?xml version="1.0" encoding="UTF-8"?>
<!-- Generated by org.testng.reporters.JUnitReportReporter -->
<testsuite skipped="0" hostname="LAPTOP-FD8B86ND" name="sel_auto.demo" tests="1" failures="0" timestamp="22 Jan 2022 17:50:14 GMT" time="5.365" errors="0">
  <testcase name="textverify" time="5.365" classname="sel_auto.demo"/>
</testsuite> <!-- sel_auto.demo -->
